<?xml version="1.0" encoding="UTF-8"?>
<coverage generated="1665170725350" clover="3.2.0">
  <project timestamp="1665170725350" name="All files">
    <metrics statements="25" coveredstatements="24" conditionals="4" coveredconditionals="3" methods="6" coveredmethods="6" elements="35" coveredelements="33" complexity="0" loc="25" ncloc="25" packages="1" files="2" classes="2"/>
    <file name="ToDo.js" path="C:\Users\DELL LATITUDE E7440\microverse-repos\to-do-list\src\ToDo.js">
      <metrics statements="4" coveredstatements="4" conditionals="0" coveredconditionals="0" methods="1" coveredmethods="1"/>
      <line num="3" count="1" type="stmt"/>
      <line num="4" count="1" type="stmt"/>
      <line num="5" count="1" type="stmt"/>
      <line num="9" count="1" type="stmt"/>
    </file>
    <file name="ToDoLibrary.js" path="C:\Users\DELL LATITUDE E7440\microverse-repos\to-do-list\src\ToDoLibrary.js">
      <metrics statements="21" coveredstatements="20" conditionals="4" coveredconditionals="3" methods="5" coveredmethods="5"/>
      <line num="1" count="1" type="stmt"/>
      <line num="4" count="1" type="stmt"/>
      <line num="6" count="1" type="stmt"/>
      <line num="7" count="1" type="stmt"/>
      <line num="8" count="1" type="stmt"/>
      <line num="9" count="1" type="stmt"/>
      <line num="12" count="1" type="stmt"/>
      <line num="13" count="1" type="stmt"/>
      <line num="16" count="1" type="stmt"/>
      <line num="17" count="1" type="stmt"/>
      <line num="20" count="1" type="stmt"/>
      <line num="21" count="1" type="cond" truecount="1" falsecount="1"/>
      <line num="22" count="0" type="stmt"/>
      <line num="24" count="1" type="stmt"/>
      <line num="28" count="1" type="stmt"/>
      <line num="29" count="1" type="stmt"/>
      <line num="30" count="1" type="stmt"/>
      <line num="31" count="4" type="cond" truecount="2" falsecount="0"/>
      <line num="32" count="2" type="stmt"/>
      <line num="35" count="1" type="stmt"/>
      <line num="39" count="1" type="stmt"/>
    </file>
  </project>
</coverage>
