<?xml version="1.0" encoding="UTF-8"?>
<coverage generated="1665088114953" clover="3.2.0">
  <project timestamp="1665088114953" name="All files">
    <metrics statements="15" coveredstatements="15" conditionals="0" coveredconditionals="0" methods="4" coveredmethods="4" elements="19" coveredelements="19" complexity="0" loc="15" ncloc="15" packages="1" files="2" classes="2"/>
    <file name="ToDo.js" path="C:\Users\DELL LATITUDE E7440\microverse-repos\to-do-list\src\ToDo.js">
      <metrics statements="4" coveredstatements="4" conditionals="0" coveredconditionals="0" methods="1" coveredmethods="1"/>
      <line num="3" count="1" type="stmt"/>
      <line num="4" count="1" type="stmt"/>
      <line num="5" count="1" type="stmt"/>
      <line num="9" count="1" type="stmt"/>
    </file>
    <file name="ToDoLibrary.js" path="C:\Users\DELL LATITUDE E7440\microverse-repos\to-do-list\src\ToDoLibrary.js">
      <metrics statements="11" coveredstatements="11" conditionals="0" coveredconditionals="0" methods="3" coveredmethods="3"/>
      <line num="1" count="1" type="stmt"/>
      <line num="4" count="1" type="stmt"/>
      <line num="6" count="1" type="stmt"/>
      <line num="7" count="1" type="stmt"/>
      <line num="8" count="1" type="stmt"/>
      <line num="9" count="1" type="stmt"/>
      <line num="12" count="1" type="stmt"/>
      <line num="13" count="1" type="stmt"/>
      <line num="16" count="1" type="stmt"/>
      <line num="17" count="1" type="stmt"/>
      <line num="21" count="1" type="stmt"/>
    </file>
  </project>
</coverage>
