{"C:\\Users\\DELL LATITUDE E7440\\microverse-repos\\to-do-list\\src\\ToDo.js": {"path":"C:\\Users\\DELL LATITUDE E7440\\microverse-repos\\to-do-list\\src\\ToDo.js","statementMap":{"0":{"start":{"line":3,"column":4},"end":{"line":3,"column":23}},"1":{"start":{"line":4,"column":4},"end":{"line":4,"column":19}},"2":{"start":{"line":5,"column":4},"end":{"line":5,"column":22}},"3":{"start":{"line":9,"column":0},"end":{"line":9,"column":20}}},"fnMap":{"0":{"name":"(anonymous_0)","decl":{"start":{"line":2,"column":2},"end":{"line":2,"column":3}},"loc":{"start":{"line":2,"column":21},"end":{"line":6,"column":3}},"line":2}},"branchMap":{},"s":{"0":1,"1":1,"2":1,"3":1},"f":{"0":1},"b":{},"_coverageSchema":"1a1c01bbd47fc00a2c39e90264f33305004495a9","hash":"c643fd6bbe2766b349d146755aaab9e2074c9204"}
,"C:\\Users\\DELL LATITUDE E7440\\microverse-repos\\to-do-list\\src\\ToDoLibrary.js": {"path":"C:\\Users\\DELL LATITUDE E7440\\microverse-repos\\to-do-list\\src\\ToDoLibrary.js","statementMap":{"0":{"start":{"line":1,"column":17},"end":{"line":1,"column":37}},"1":{"start":{"line":4,"column":13},"end":{"line":4,"column":15}},"2":{"start":{"line":6,"column":8},"end":{"line":10,"column":3}},"3":{"start":{"line":7,"column":18},"end":{"line":7,"column":48}},"4":{"start":{"line":8,"column":4},"end":{"line":8,"column":20}},"5":{"start":{"line":9,"column":4},"end":{"line":9,"column":30}},"6":{"start":{"line":12,"column":11},"end":{"line":14,"column":3}},"7":{"start":{"line":13,"column":4},"end":{"line":13,"column":32}},"8":{"start":{"line":16,"column":11},"end":{"line":18,"column":3}},"9":{"start":{"line":17,"column":4},"end":{"line":17,"column":38}},"10":{"start":{"line":20,"column":14},"end":{"line":26,"column":3}},"11":{"start":{"line":21,"column":4},"end":{"line":25,"column":5}},"12":{"start":{"line":22,"column":6},"end":{"line":22,"column":37}},"13":{"start":{"line":24,"column":6},"end":{"line":24,"column":36}},"14":{"start":{"line":28,"column":13},"end":{"line":36,"column":3}},"15":{"start":{"line":29,"column":14},"end":{"line":29,"column":16}},"16":{"start":{"line":30,"column":4},"end":{"line":34,"column":5}},"17":{"start":{"line":30,"column":17},"end":{"line":30,"column":18}},"18":{"start":{"line":31,"column":6},"end":{"line":33,"column":7}},"19":{"start":{"line":32,"column":8},"end":{"line":32,"column":33}},"20":{"start":{"line":35,"column":4},"end":{"line":35,"column":22}},"21":{"start":{"line":39,"column":0},"end":{"line":39,"column":34}}},"fnMap":{"0":{"name":"(anonymous_0)","decl":{"start":{"line":6,"column":8},"end":{"line":6,"column":9}},"loc":{"start":{"line":6,"column":16},"end":{"line":10,"column":3}},"line":6},"1":{"name":"(anonymous_1)","decl":{"start":{"line":12,"column":11},"end":{"line":12,"column":12}},"loc":{"start":{"line":12,"column":19},"end":{"line":14,"column":3}},"line":12},"2":{"name":"(anonymous_2)","decl":{"start":{"line":16,"column":11},"end":{"line":16,"column":12}},"loc":{"start":{"line":16,"column":29},"end":{"line":18,"column":3}},"line":16},"3":{"name":"(anonymous_3)","decl":{"start":{"line":20,"column":14},"end":{"line":20,"column":15}},"loc":{"start":{"line":20,"column":22},"end":{"line":26,"column":3}},"line":20},"4":{"name":"(anonymous_4)","decl":{"start":{"line":28,"column":13},"end":{"line":28,"column":14}},"loc":{"start":{"line":28,"column":19},"end":{"line":36,"column":3}},"line":28}},"branchMap":{"0":{"loc":{"start":{"line":21,"column":4},"end":{"line":25,"column":5}},"type":"if","locations":[{"start":{"line":21,"column":4},"end":{"line":25,"column":5}},{"start":{"line":23,"column":11},"end":{"line":25,"column":5}}],"line":21},"1":{"loc":{"start":{"line":31,"column":6},"end":{"line":33,"column":7}},"type":"if","locations":[{"start":{"line":31,"column":6},"end":{"line":33,"column":7}},{"start":{},"end":{}}],"line":31}},"s":{"0":1,"1":1,"2":1,"3":1,"4":1,"5":1,"6":1,"7":1,"8":1,"9":1,"10":1,"11":1,"12":0,"13":1,"14":1,"15":1,"16":1,"17":1,"18":4,"19":2,"20":1,"21":1},"f":{"0":1,"1":1,"2":1,"3":1,"4":1},"b":{"0":[0,1],"1":[2,2]},"_coverageSchema":"1a1c01bbd47fc00a2c39e90264f33305004495a9","hash":"07714caacef760ade9720aa08938601c4ca5fa84"}
}
