TN:
SF:src\ToDo.js
FN:2,(anonymous_0)
FNF:1
FNH:1
FNDA:1,(anonymous_0)
DA:3,1
DA:4,1
DA:5,1
DA:9,1
LF:4
LH:4
BRF:0
BRH:0
end_of_record
TN:
SF:src\ToDoLibrary.js
FN:6,(anonymous_0)
FN:12,(anonymous_1)
FN:16,(anonymous_2)
FN:20,(anonymous_3)
FN:28,(anonymous_4)
FNF:5
FNH:5
FNDA:1,(anonymous_0)
FNDA:1,(anonymous_1)
FNDA:1,(anonymous_2)
FNDA:1,(anonymous_3)
FNDA:1,(anonymous_4)
DA:1,1
DA:4,1
DA:6,1
DA:7,1
DA:8,1
DA:9,1
DA:12,1
DA:13,1
DA:16,1
DA:17,1
DA:20,1
DA:21,1
DA:22,0
DA:24,1
DA:28,1
DA:29,1
DA:30,1
DA:31,4
DA:32,2
DA:35,1
DA:39,1
LF:21
LH:20
BRDA:21,0,0,0
BRDA:21,0,1,1
BRDA:31,1,0,2
BRDA:31,1,1,2
BRF:4
BRH:3
end_of_record
